{
  "stats": {
    "suites": 1,
    "tests": 2,
    "passes": 2,
    "pending": 0,
    "failures": 0,
    "start": "2025-07-30T18:47:23.682Z",
    "end": "2025-07-30T18:47:39.866Z",
    "duration": 16184,
    "testsRegistered": 2,
    "passPercent": 100,
    "pendingPercent": 0,
    "other": 0,
    "hasOther": false,
    "skipped": 0,
    "hasSkipped": false
  },
  "results": [
    {
      "uuid": "b2d557f0-ff50-4bff-ba16-e810837df0a6",
      "title": "",
      "fullFile": "cypress\\e2e\\saucedemo.cy.js",
      "file": "cypress\\e2e\\saucedemo.cy.js",
      "beforeHooks": [],
      "afterHooks": [],
      "tests": [],
      "suites": [
        {
          "uuid": "529ecc72-25fd-48ad-ab0e-49158832ba8c",
          "title": "Saucedemo login testsuite",
          "fullFile": "",
          "file": "",
          "beforeHooks": [],
          "afterHooks": [],
          "tests": [
            {
              "title": "should login with standard_user",
              "fullTitle": "Saucedemo login testsuite should login with standard_user",
              "timedOut": null,
              "duration": 2364,
              "state": "passed",
              "speed": "fast",
              "pass": true,
              "fail": false,
              "pending": false,
              "context": null,
              "code": "cy.get(\"#user-name\").type(\"standard_user\");\ncy.get(\"#password\").type(\"secret_sauce\");\ncy.get('input#login-button').click();\ncy.url().should(\"include\", \"inventory.html\");\n// eventueel direct uitloggen\ncy.get('#react-burger-menu-btn').click();\ncy.get('#logout_sidebar_link').click();",
              "err": {},
              "uuid": "5fd18b36-3ca0-4623-a8a4-78866b056749",
              "parentUUID": "529ecc72-25fd-48ad-ab0e-49158832ba8c",
              "isHook": false,
              "skipped": false
            },
            {
              "title": "should login with each user from fixture",
              "fullTitle": "Saucedemo login testsuite should login with each user from fixture",
              "timedOut": null,
              "duration": 12160,
              "state": "passed",
              "speed": "slow",
              "pass": true,
              "fail": false,
              "pending": false,
              "context": null,
              "code": "cy.fixture(\"users\").then(data => {\n  data.usernames.forEach(username => {\n    cy.visit(\"https://www.saucedemo.com/\");\n    cy.get(\"#user-name\").type(username);\n    cy.get(\"#password\").type(\"secret_sauce\");\n    cy.get(\"#login-button\").click();\n    if (username === \"locked_out_user\") {\n      cy.get('[data-test=\"error\"]').should(\"be.visible\");\n    } else {\n      cy.url().should(\"include\", \"/inventory.html\");\n      // eventueel direct uitloggen\n      cy.get('#react-burger-menu-btn').click();\n      cy.get('#logout_sidebar_link').click();\n    }\n  });\n});",
              "err": {},
              "uuid": "67264f00-d8c7-466f-b2a9-a24b8ca35be8",
              "parentUUID": "529ecc72-25fd-48ad-ab0e-49158832ba8c",
              "isHook": false,
              "skipped": false
            }
          ],
          "suites": [],
          "passes": [
            "5fd18b36-3ca0-4623-a8a4-78866b056749",
            "67264f00-d8c7-466f-b2a9-a24b8ca35be8"
          ],
          "failures": [],
          "pending": [],
          "skipped": [],
          "duration": 14524,
          "root": false,
          "rootEmpty": false,
          "_timeout": 2000
        }
      ],
      "passes": [],
      "failures": [],
      "pending": [],
      "skipped": [],
      "duration": 0,
      "root": true,
      "rootEmpty": true,
      "_timeout": 2000
    }
  ],
  "meta": {
    "mocha": {
      "version": "7.2.0"
    },
    "mochawesome": {
      "options": {
        "quiet": false,
        "reportFilename": "mochawesome",
        "saveHtml": false,
        "saveJson": true,
        "consoleReporter": "spec",
        "useInlineDiffs": false,
        "code": true
      },
      "version": "7.1.3"
    },
    "marge": {
      "options": {
        "reportDir": "cypress/results overwrite=false html=false json=true",
        "overwrite": false,
        "html": false,
        "json": true
      },
      "version": "6.2.0"
    }
  }
}